SF:lib/core/errors/failure.dart
DA:3,9
DA:7,8
DA:11,1
DA:15,4
LF:4
LH:4
end_of_record
SF:lib/core/http/dio_adapter.dart
DA:7,0
DA:8,0
DA:11,0
DA:14,0
DA:17,0
LF:5
LH:0
end_of_record
SF:lib/data/models/movie_model.dart
DA:11,2
DA:20,2
DA:21,2
DA:22,2
DA:23,2
DA:24,2
DA:25,4
DA:26,4
DA:27,2
DA:31,2
DA:32,2
DA:33,2
DA:34,2
DA:35,2
DA:36,2
DA:37,2
DA:38,2
DA:42,1
DA:43,1
DA:44,1
DA:45,1
DA:46,1
DA:47,1
DA:48,1
DA:49,1
LF:25
LH:25
end_of_record
SF:lib/domain/entities/movie.dart
DA:9,4
LF:1
LH:1
end_of_record
SF:lib/data/models/year_with_multiple_winners_model.dart
DA:7,2
DA:12,2
DA:13,2
DA:14,2
DA:15,2
DA:18,1
DA:19,1
DA:20,1
DA:21,1
DA:25,1
DA:26,1
DA:27,1
DA:28,1
LF:13
LH:13
end_of_record
SF:lib/domain/entities/year_with_multiple_winner.dart
DA:5,3
LF:1
LH:1
end_of_record
SF:lib/data/repositories/movie_repository_impl.dart
DA:13,1
DA:15,1
DA:18,3
DA:25,2
DA:26,8
DA:28,0
DA:31,0
DA:35,1
DA:38,2
DA:40,2
DA:41,1
DA:42,7
DA:44,0
DA:47,3
DA:51,1
DA:54,3
DA:59,2
DA:60,7
DA:62,0
DA:65,3
LF:20
LH:16
end_of_record
SF:lib/data/models/studio_model.dart
DA:7,2
DA:9,2
DA:10,2
DA:11,2
DA:12,2
DA:16,2
DA:17,2
DA:18,2
DA:19,2
DA:23,1
DA:24,1
DA:25,1
DA:26,1
DA:29,1
DA:30,1
DA:31,1
DA:32,1
LF:17
LH:17
end_of_record
SF:lib/data/repositories/studio_repository_impl.dart
DA:11,1
DA:13,1
DA:16,3
DA:20,2
DA:21,2
DA:22,6
DA:24,2
DA:27,3
LF:8
LH:8
end_of_record
SF:lib/domain/entities/studio.dart
DA:5,3
LF:1
LH:1
end_of_record
SF:lib/data/models/producer_model.dart
DA:9,2
DA:16,2
DA:17,2
DA:18,2
DA:19,2
DA:20,2
DA:21,2
DA:25,2
DA:26,2
DA:27,2
DA:28,2
DA:29,2
DA:30,2
DA:34,1
DA:35,1
DA:36,1
DA:37,1
DA:38,1
DA:39,1
DA:42,1
DA:43,1
DA:44,1
DA:45,1
DA:46,1
DA:47,1
LF:25
LH:25
end_of_record
SF:lib/data/repositories/producer_repository_impl.dart
DA:11,1
DA:13,1
DA:16,3
DA:20,2
DA:21,2
DA:22,2
DA:23,5
DA:24,5
DA:25,2
DA:30,2
DA:33,3
LF:11
LH:11
end_of_record
SF:lib/domain/entities/producer.dart
DA:7,3
LF:1
LH:1
end_of_record
SF:lib/data/usecases/get_movies_impl.dart
DA:10,1
DA:12,1
DA:14,2
LF:3
LH:3
end_of_record
SF:lib/data/usecases/get_producers_impl.dart
DA:10,1
DA:12,1
DA:14,2
LF:3
LH:3
end_of_record
SF:lib/data/usecases/get_studios_impl.dart
DA:10,1
DA:12,1
DA:14,2
LF:3
LH:3
end_of_record
SF:lib/data/usecases/get_movies_by_year_impl.dart
DA:10,1
DA:12,1
DA:14,2
LF:3
LH:3
end_of_record
SF:lib/data/usecases/get_movies_with_multiple_winners_impl.dart
DA:10,1
DA:12,1
DA:14,2
LF:3
LH:3
end_of_record
